\BOOKMARK [0][-]{section*.1}{\376\377\016\032\016\027\016\004\016\061\016\024\016\042\016\110\016\055\016\040\016\062\016\051\016\062\016\104\016\027\016\042}{}% 1
\BOOKMARK [0][-]{section*.3}{\376\377\016\032\016\027\016\004\016\061\016\024\016\042\016\110\016\055\016\040\016\062\016\051\016\062\016\055\016\061\016\007\016\001\016\044\016\051}{}% 2
\BOOKMARK [0][-]{section*.4}{\376\377\016\001\016\064\016\025\016\025\016\064\016\001\016\043\016\043\016\041\016\033\016\043\016\060\016\001\016\062\016\050}{}% 3
\BOOKMARK [0][-]{section*.5}{\376\377\016\052\016\062\016\043\016\032\016\061\016\015}{}% 4
\BOOKMARK [0][-]{section*.6}{\376\377\016\052\016\062\016\043\016\032\016\061\016\015\016\040\016\062\016\036}{}% 5
\BOOKMARK [0][-]{section*.7}{\376\377\016\052\016\062\016\043\016\032\016\061\016\015\016\025\016\062\016\043\016\062\016\007}{}% 6
\BOOKMARK [0][-]{chapter*.8}{\376\377\016\032\016\027\016\027\016\065\016\110\000\040\0001\000\040\016\032\016\027\016\031\016\063}{}% 7
\BOOKMARK [1][-]{section.1.1}{\376\377\016\004\016\047\016\062\016\041\016\100\016\033\016\107\016\031\016\041\016\062\016\101\016\045\016\060\016\004\016\047\016\062\016\041\016\052\016\063\016\004\016\061\016\015}{chapter*.8}% 8
\BOOKMARK [1][-]{section.1.2}{\376\377\016\047\016\061\016\025\016\026\016\070\016\033\016\043\016\060\016\052\016\007\016\004\016\114\016\002\016\055\016\007\016\102\016\004\016\043\016\007\016\007\016\062\016\031}{chapter*.8}% 9
\BOOKMARK [1][-]{section.1.3}{\376\377\016\002\016\055\016\032\016\100\016\002\016\025\016\002\016\055\016\007\016\001\016\062\016\043\016\027\016\115\016\062\016\102\016\004\016\043\016\007\016\007\016\062\016\031}{chapter*.8}% 10
\BOOKMARK [1][-]{section.1.4}{\376\377\016\033\016\043\016\060\016\102\016\042\016\012\016\031\016\114\016\027\016\065\016\110\016\004\016\062\016\024\016\047\016\110\016\062\016\010\016\060\016\104\016\024\016\111\016\043\016\061\016\032}{chapter*.8}% 11
\BOOKMARK [0][-]{chapter*.9}{\376\377\016\032\016\027\016\027\016\065\016\110\000\040\0002\000\040\016\101\016\031\016\047\016\004\016\064\016\024\000\040\016\027\016\044\016\051\016\016\016\065\000\040\016\101\016\045\016\060\016\007\016\062\016\031\016\047\016\064\016\010\016\061\016\042\016\027\016\065\016\110\016\100\016\001\016\065\016\110\016\042\016\047\016\002\016\111\016\055\016\007}{}% 12
\BOOKMARK [1][-]{section.2.1}{\376\377\016\101\016\031\016\047\016\004\016\064\016\024\016\036\016\067\016\111\016\031\016\020\016\062\016\031\016\100\016\001\016\065\016\110\016\042\016\047\016\001\016\061\016\032\016\102\016\004\016\043\016\007\016\007\016\062\016\031}{chapter*.9}% 13
\BOOKMARK [1][-]{section.2.2}{\376\377\016\101\016\031\016\047\016\004\016\064\016\024\016\101\016\045\016\060\016\027\016\044\016\051\016\016\016\065\016\027\016\065\016\110\016\100\016\001\016\065\016\110\016\042\016\047\016\002\016\111\016\055\016\007\016\001\016\061\016\032\000\040\000L\000a\000T\000e\000X}{chapter*.9}% 14
\BOOKMARK [1][-]{section.2.3}{\376\377\016\043\016\062\016\042\016\007\016\062\016\031\016\001\016\062\016\043\016\004\016\111\016\031\016\004\016\047\016\111\016\062\000\040\016\001\016\062\016\043\016\050\016\066\016\001\016\051\016\062\000\040\016\053\016\043\016\067\016\055\016\007\016\062\016\031\016\047\016\064\016\010\016\061\016\042\016\027\016\065\016\110\016\100\016\001\016\065\016\110\016\042\016\047\016\002\016\111\016\055\016\007}{chapter*.9}% 15
\BOOKMARK [0][-]{chapter*.11}{\376\377\016\032\016\027\016\027\016\065\016\110\000\040\0003\000\040\016\047\016\064\016\030\016\065\016\001\016\062\016\043\016\024\016\063\016\100\016\031\016\064\016\031\016\007\016\062\016\031}{}% 16
\BOOKMARK [1][-]{section.3.1}{\376\377\016\001\016\062\016\043\016\100\016\025\016\043\016\065\016\042\016\041\016\052\016\040\016\062\016\036\016\101\016\047\016\024\016\045\016\111\016\055\016\041\016\001\016\062\016\043\016\027\016\063\016\007\016\062\016\031}{chapter*.11}% 17
\BOOKMARK [1][-]{section.3.2}{\376\377\016\102\016\004\016\043\016\007\016\052\016\043\016\111\016\062\016\007\016\100\016\055\016\001\016\052\016\062\016\043\000\040\000L\000a\000T\000e\000X\000\040\016\101\016\045\016\060\016\001\016\062\016\043\016\025\016\061\016\111\016\007\016\004\016\110\016\062\016\036\016\067\016\111\016\031\016\020\016\062\016\031}{chapter*.11}% 18
\BOOKMARK [1][-]{section.3.3}{\376\377\016\001\016\062\016\043\016\024\016\063\016\100\016\031\016\064\016\031\016\001\016\062\016\043\016\100\016\002\016\065\016\042\016\031\016\101\016\045\016\060\016\001\016\062\016\043\016\010\016\061\016\024\016\043\016\071\016\033\016\101\016\032\016\032}{chapter*.11}% 19
\BOOKMARK [0][-]{chapter*.22}{\376\377\016\032\016\027\016\027\016\065\016\110\000\040\0004\000\040\016\034\016\045\016\001\016\062\016\043\016\024\016\063\016\100\016\031\016\064\016\031\016\007\016\062\016\031}{}% 20
\BOOKMARK [1][-]{section.4.1}{\376\377\016\102\016\004\016\043\016\007\016\052\016\043\016\111\016\062\016\007\016\102\016\037\016\045\016\100\016\024\016\055\016\043\016\114}{chapter*.22}% 21
\BOOKMARK [1][-]{section.4.2}{\376\377\016\102\016\004\016\043\016\007\016\052\016\043\016\111\016\062\016\007\016\104\016\037\016\045\016\114}{chapter*.22}% 22
\BOOKMARK [0][-]{chapter*.24}{\376\377\016\032\016\027\016\027\016\065\016\110\000\040\0005\000\040\016\052\016\043\016\070\016\033\016\034\016\045\016\001\016\062\016\043\016\024\016\063\016\100\016\031\016\064\016\031\016\007\016\062\016\031}{}% 23
\BOOKMARK [1][-]{section.5.1}{\376\377\016\052\016\043\016\070\016\033\016\034\016\045\016\001\016\062\016\043\016\024\016\063\016\100\016\031\016\064\016\031\016\007\016\062\016\031}{chapter*.24}% 24
\BOOKMARK [1][-]{section.5.2}{\376\377\016\033\016\061\016\015\016\053\016\062\016\101\016\045\016\060\016\055\016\070\016\033\016\052\016\043\016\043\016\004}{chapter*.24}% 25
\BOOKMARK [1][-]{section.5.3}{\376\377\016\001\016\062\016\043\016\101\016\001\016\111\016\033\016\061\016\015\016\053\016\062}{chapter*.24}% 26
\BOOKMARK [1][-]{section.5.4}{\376\377\016\002\016\111\016\055\016\100\016\052\016\031\016\055\016\101\016\031\016\060}{chapter*.24}% 27
\BOOKMARK [0][-]{section*.25}{\376\377\016\040\016\062\016\004\016\034\016\031\016\047\016\001}{}% 28
\BOOKMARK [0][-]{section*.26}{\376\377\016\040\016\062\016\004\016\034\016\031\016\047\016\001\000\040\016\001\000:\000\040\016\001\016\062\016\043\016\031\016\063\000\040\000T\000e\000m\000p\000l\000a\000t\000e\000\040\016\041\016\062\016\103\016\012\016\111\016\007\016\062\016\031}{}% 29
\BOOKMARK [1][-]{section.6.1}{\376\377\016\001\016\062\016\043\016\031\016\063\000\040\000T\000e\000m\000p\000l\000a\000t\000e\000\040\016\041\016\062\016\103\016\012\016\111\016\007\016\062\016\031}{section*.26}% 30
\BOOKMARK [0][-]{section*.39}{\376\377\016\040\016\062\016\004\016\034\016\031\016\047\016\001\000\040\016\002\000:\000\040\016\001\016\062\016\043\016\100\016\036\016\064\016\110\016\041\016\104\016\037\016\045\016\114\016\040\016\062\016\004\016\034\016\031\016\047\016\001}{}% 31
\BOOKMARK [1][-]{section.7.1}{\376\377\016\001\016\062\016\043\016\100\016\036\016\064\016\110\016\041\016\104\016\037\016\045\016\114\016\040\016\062\016\004\016\034\016\031\016\047\016\001}{section*.39}% 32
